/bin/bash: /Users/KylePistor/git/mechruby: No such file or directory
/bin/bash: /Users/KylePistor/git/mechruby: No such file or directory
/bin/bash: /Users/KylePistor/git/mechruby: No such file or directory
/bin/bash: /Users/KylePistor/git/mechruby: No such file or directory
/bin/bash: /Users/KylePistor/git/mechruby: No such file or directory
/bin/bash: /Users/KylePistor/git/mechruby: No such file or directory
/bin/bash: /Users/KylePistor/git/mechruby: No such file or directory
/Users/KylePistor/.rvm/rubies/ruby-1.9.3-p429/lib/ruby/site_ruby/1.9.1/rubygems/core_ext/kernel_require.rb:55:in `require': cannot load such file -- ./var.rb (LoadError)
	from /Users/KylePistor/.rvm/rubies/ruby-1.9.3-p429/lib/ruby/site_ruby/1.9.1/rubygems/core_ext/kernel_require.rb:55:in `require'
	from /Users/KylePistor/git/mech/sw_email.rb:9:in `<main>'
/Users/KylePistor/.rvm/rubies/ruby-1.9.3-p429/lib/ruby/site_ruby/1.9.1/rubygems/core_ext/kernel_require.rb:55:in `require': cannot load such file -- ./var.rb (LoadError)
	from /Users/KylePistor/.rvm/rubies/ruby-1.9.3-p429/lib/ruby/site_ruby/1.9.1/rubygems/core_ext/kernel_require.rb:55:in `require'
	from /Users/KylePistor/git/mech/sw_email.rb:9:in `<main>'
/Users/KylePistor/.rvm/rubies/ruby-1.9.3-p429/lib/ruby/site_ruby/1.9.1/rubygems/core_ext/kernel_require.rb:55:in `require': cannot load such file -- ./var.rb (LoadError)
	from /Users/KylePistor/.rvm/rubies/ruby-1.9.3-p429/lib/ruby/site_ruby/1.9.1/rubygems/core_ext/kernel_require.rb:55:in `require'
	from /Users/KylePistor/git/mech/sw_email.rb:9:in `<main>'
/Users/KylePistor/.rvm/rubies/ruby-1.9.3-p429/lib/ruby/site_ruby/1.9.1/rubygems/core_ext/kernel_require.rb:55:in `require': cannot load such file -- ./var.rb (LoadError)
	from /Users/KylePistor/.rvm/rubies/ruby-1.9.3-p429/lib/ruby/site_ruby/1.9.1/rubygems/core_ext/kernel_require.rb:55:in `require'
	from /Users/KylePistor/git/mech/sw_email.rb:9:in `<main>'
/Users/KylePistor/.rvm/rubies/ruby-1.9.3-p429/lib/ruby/site_ruby/1.9.1/rubygems/core_ext/kernel_require.rb:55:in `require': cannot load such file -- ./var.rb (LoadError)
	from /Users/KylePistor/.rvm/rubies/ruby-1.9.3-p429/lib/ruby/site_ruby/1.9.1/rubygems/core_ext/kernel_require.rb:55:in `require'
	from /Users/KylePistor/git/mech/sw_email.rb:9:in `<main>'
/Users/KylePistor/.rvm/rubies/ruby-1.9.3-p429/lib/ruby/site_ruby/1.9.1/rubygems/core_ext/kernel_require.rb:55:in `require': cannot load such file -- ./var.rb (LoadError)
	from /Users/KylePistor/.rvm/rubies/ruby-1.9.3-p429/lib/ruby/site_ruby/1.9.1/rubygems/core_ext/kernel_require.rb:55:in `require'
	from /Users/KylePistor/git/mech/sw_email.rb:9:in `<main>'
/Users/KylePistor/.rvm/rubies/ruby-1.9.3-p429/lib/ruby/site_ruby/1.9.1/rubygems/core_ext/kernel_require.rb:55:in `require': cannot load such file -- ./var.rb (LoadError)
	from /Users/KylePistor/.rvm/rubies/ruby-1.9.3-p429/lib/ruby/site_ruby/1.9.1/rubygems/core_ext/kernel_require.rb:55:in `require'
	from /Users/KylePistor/git/mech/sw_email.rb:9:in `<main>'
/Users/KylePistor/.rvm/rubies/ruby-1.9.3-p429/lib/ruby/site_ruby/1.9.1/rubygems/core_ext/kernel_require.rb:55:in `require': cannot load such file -- ./var.rb (LoadError)
	from /Users/KylePistor/.rvm/rubies/ruby-1.9.3-p429/lib/ruby/site_ruby/1.9.1/rubygems/core_ext/kernel_require.rb:55:in `require'
	from /Users/KylePistor/git/mech/sw_email.rb:9:in `<main>'
/Users/KylePistor/.rvm/rubies/ruby-1.9.3-p429/lib/ruby/site_ruby/1.9.1/rubygems/core_ext/kernel_require.rb:55:in `require': cannot load such file -- ./var.rb (LoadError)
	from /Users/KylePistor/.rvm/rubies/ruby-1.9.3-p429/lib/ruby/site_ruby/1.9.1/rubygems/core_ext/kernel_require.rb:55:in `require'
	from /Users/KylePistor/git/mech/sw_email.rb:9:in `<main>'
/Users/KylePistor/.rvm/rubies/ruby-1.9.3-p429/lib/ruby/site_ruby/1.9.1/rubygems/core_ext/kernel_require.rb:55:in `require': cannot load such file -- ./var.rb (LoadError)
	from /Users/KylePistor/.rvm/rubies/ruby-1.9.3-p429/lib/ruby/site_ruby/1.9.1/rubygems/core_ext/kernel_require.rb:55:in `require'
	from /Users/KylePistor/git/mech/sw_email.rb:9:in `<main>'
/Users/KylePistor/.rvm/rubies/ruby-1.9.3-p429/lib/ruby/site_ruby/1.9.1/rubygems/core_ext/kernel_require.rb:55:in `require': cannot load such file -- ./var.rb (LoadError)
	from /Users/KylePistor/.rvm/rubies/ruby-1.9.3-p429/lib/ruby/site_ruby/1.9.1/rubygems/core_ext/kernel_require.rb:55:in `require'
	from /Users/KylePistor/git/mech/sw_email.rb:9:in `<main>'
/Users/KylePistor/.rvm/rubies/ruby-1.9.3-p429/lib/ruby/site_ruby/1.9.1/rubygems/core_ext/kernel_require.rb:55:in `require': cannot load such file -- ./var.rb (LoadError)
	from /Users/KylePistor/.rvm/rubies/ruby-1.9.3-p429/lib/ruby/site_ruby/1.9.1/rubygems/core_ext/kernel_require.rb:55:in `require'
	from /Users/KylePistor/git/mech/sw_email.rb:9:in `<main>'
/Users/KylePistor/.rvm/rubies/ruby-1.9.3-p429/lib/ruby/site_ruby/1.9.1/rubygems/core_ext/kernel_require.rb:55:in `require': cannot load such file -- ./var.rb (LoadError)
	from /Users/KylePistor/.rvm/rubies/ruby-1.9.3-p429/lib/ruby/site_ruby/1.9.1/rubygems/core_ext/kernel_require.rb:55:in `require'
	from /Users/KylePistor/git/mech/sw_email.rb:9:in `<main>'
/Users/KylePistor/.rvm/rubies/ruby-1.9.3-p429/lib/ruby/site_ruby/1.9.1/rubygems/core_ext/kernel_require.rb:55:in `require': cannot load such file -- ./var.rb (LoadError)
	from /Users/KylePistor/.rvm/rubies/ruby-1.9.3-p429/lib/ruby/site_ruby/1.9.1/rubygems/core_ext/kernel_require.rb:55:in `require'
	from /Users/KylePistor/git/mech/sw_email.rb:9:in `<main>'
/Users/KylePistor/.rvm/rubies/ruby-1.9.3-p429/lib/ruby/site_ruby/1.9.1/rubygems/core_ext/kernel_require.rb:55:in `require': cannot load such file -- ./var.rb (LoadError)
	from /Users/KylePistor/.rvm/rubies/ruby-1.9.3-p429/lib/ruby/site_ruby/1.9.1/rubygems/core_ext/kernel_require.rb:55:in `require'
	from /Users/KylePistor/git/mech/sw_email.rb:9:in `<main>'
/Users/KylePistor/.rvm/rubies/ruby-1.9.3-p429/lib/ruby/site_ruby/1.9.1/rubygems/core_ext/kernel_require.rb:55:in `require': cannot load such file -- ./var.rb (LoadError)
	from /Users/KylePistor/.rvm/rubies/ruby-1.9.3-p429/lib/ruby/site_ruby/1.9.1/rubygems/core_ext/kernel_require.rb:55:in `require'
	from /Users/KylePistor/git/mech/sw_email.rb:9:in `<main>'
/Users/KylePistor/.rvm/rubies/ruby-1.9.3-p429/lib/ruby/site_ruby/1.9.1/rubygems/core_ext/kernel_require.rb:55:in `require': cannot load such file -- ./var.rb (LoadError)
	from /Users/KylePistor/.rvm/rubies/ruby-1.9.3-p429/lib/ruby/site_ruby/1.9.1/rubygems/core_ext/kernel_require.rb:55:in `require'
	from /Users/KylePistor/git/mech/sw_email.rb:9:in `<main>'
/Users/KylePistor/.rvm/rubies/ruby-1.9.3-p429/lib/ruby/site_ruby/1.9.1/rubygems/core_ext/kernel_require.rb:55:in `require': cannot load such file -- ./var.rb (LoadError)
	from /Users/KylePistor/.rvm/rubies/ruby-1.9.3-p429/lib/ruby/site_ruby/1.9.1/rubygems/core_ext/kernel_require.rb:55:in `require'
	from /Users/KylePistor/git/mech/sw_email.rb:9:in `<main>'
/Users/KylePistor/.rvm/rubies/ruby-1.9.3-p429/lib/ruby/site_ruby/1.9.1/rubygems/core_ext/kernel_require.rb:55:in `require': cannot load such file -- ./var.rb (LoadError)
	from /Users/KylePistor/.rvm/rubies/ruby-1.9.3-p429/lib/ruby/site_ruby/1.9.1/rubygems/core_ext/kernel_require.rb:55:in `require'
	from /Users/KylePistor/git/mech/sw_email.rb:9:in `<main>'
/Users/KylePistor/.rvm/rubies/ruby-1.9.3-p429/lib/ruby/site_ruby/1.9.1/rubygems/core_ext/kernel_require.rb:55:in `require': cannot load such file -- ./var.rb (LoadError)
	from /Users/KylePistor/.rvm/rubies/ruby-1.9.3-p429/lib/ruby/site_ruby/1.9.1/rubygems/core_ext/kernel_require.rb:55:in `require'
	from /Users/KylePistor/git/mech/sw_email.rb:9:in `<main>'
/Users/KylePistor/.rvm/rubies/ruby-1.9.3-p429/lib/ruby/site_ruby/1.9.1/rubygems/core_ext/kernel_require.rb:55:in `require': cannot load such file -- ./var.rb (LoadError)
	from /Users/KylePistor/.rvm/rubies/ruby-1.9.3-p429/lib/ruby/site_ruby/1.9.1/rubygems/core_ext/kernel_require.rb:55:in `require'
	from /Users/KylePistor/git/mech/sw_email.rb:9:in `<main>'
ruby: No such file or directory -- ./Users/KylePistor/git/mech/sw_email.rb (LoadError)
ruby: No such file or directory -- ./Users/KylePistor/git/mech/sw_email.rb (LoadError)
ruby: No such file or directory -- ./Users/KylePistor/git/mech/sw_email.rb (LoadError)
ruby: No such file or directory -- ./Users/KylePistor/git/mech/sw_email.rb (LoadError)
/Users/KylePistor/.rvm/rubies/ruby-1.9.3-p429/lib/ruby/site_ruby/1.9.1/rubygems/core_ext/kernel_require.rb:55:in `require': cannot load such file -- ./var.rb (LoadError)
	from /Users/KylePistor/.rvm/rubies/ruby-1.9.3-p429/lib/ruby/site_ruby/1.9.1/rubygems/core_ext/kernel_require.rb:55:in `require'
	from /Users/KylePistor/git/mech/sw_email.rb:9:in `<main>'
/Users/KylePistor/.rvm/rubies/ruby-1.9.3-p429/lib/ruby/site_ruby/1.9.1/rubygems/core_ext/kernel_require.rb:55:in `require': cannot load such file -- ./var.rb (LoadError)
	from /Users/KylePistor/.rvm/rubies/ruby-1.9.3-p429/lib/ruby/site_ruby/1.9.1/rubygems/core_ext/kernel_require.rb:55:in `require'
	from /Users/KylePistor/git/mech/sw_email.rb:9:in `<main>'
/Users/KylePistor/.rvm/rubies/ruby-1.9.3-p429/lib/ruby/site_ruby/1.9.1/rubygems/core_ext/kernel_require.rb:55:in `require': cannot load such file -- ./var.rb (LoadError)
	from /Users/KylePistor/.rvm/rubies/ruby-1.9.3-p429/lib/ruby/site_ruby/1.9.1/rubygems/core_ext/kernel_require.rb:55:in `require'
	from /Users/KylePistor/git/mech/sw_email.rb:9:in `<main>'
/Users/KylePistor/.rvm/rubies/ruby-1.9.3-p429/lib/ruby/site_ruby/1.9.1/rubygems/core_ext/kernel_require.rb:55:in `require': cannot load such file -- ./var.rb (LoadError)
	from /Users/KylePistor/.rvm/rubies/ruby-1.9.3-p429/lib/ruby/site_ruby/1.9.1/rubygems/core_ext/kernel_require.rb:55:in `require'
	from /Users/KylePistor/git/mech/sw_email.rb:9:in `<main>'
/Users/KylePistor/.rvm/rubies/ruby-1.9.3-p429/lib/ruby/site_ruby/1.9.1/rubygems/core_ext/kernel_require.rb:55:in `require': cannot load such file -- ./var.rb (LoadError)
	from /Users/KylePistor/.rvm/rubies/ruby-1.9.3-p429/lib/ruby/site_ruby/1.9.1/rubygems/core_ext/kernel_require.rb:55:in `require'
	from /Users/KylePistor/git/mech/sw_email.rb:9:in `<main>'
/Users/KylePistor/.rvm/rubies/ruby-1.9.3-p429/lib/ruby/site_ruby/1.9.1/rubygems/core_ext/kernel_require.rb:55:in `require': cannot load such file -- ./var.rb (LoadError)
	from /Users/KylePistor/.rvm/rubies/ruby-1.9.3-p429/lib/ruby/site_ruby/1.9.1/rubygems/core_ext/kernel_require.rb:55:in `require'
	from /Users/KylePistor/git/mech/sw_email.rb:9:in `<main>'
/Users/KylePistor/.rvm/rubies/ruby-1.9.3-p429/lib/ruby/site_ruby/1.9.1/rubygems/core_ext/kernel_require.rb:55:in `require': cannot load such file -- ./var.rb (LoadError)
	from /Users/KylePistor/.rvm/rubies/ruby-1.9.3-p429/lib/ruby/site_ruby/1.9.1/rubygems/core_ext/kernel_require.rb:55:in `require'
	from /Users/KylePistor/git/mech/sw_email.rb:9:in `<main>'
/Users/KylePistor/.rvm/rubies/ruby-1.9.3-p429/lib/ruby/site_ruby/1.9.1/rubygems/core_ext/kernel_require.rb:55:in `require': cannot load such file -- ./var.rb (LoadError)
	from /Users/KylePistor/.rvm/rubies/ruby-1.9.3-p429/lib/ruby/site_ruby/1.9.1/rubygems/core_ext/kernel_require.rb:55:in `require'
	from /Users/KylePistor/git/mech/sw_email.rb:9:in `<main>'
/Users/KylePistor/.rvm/rubies/ruby-1.9.3-p429/lib/ruby/site_ruby/1.9.1/rubygems/core_ext/kernel_require.rb:55:in `require': cannot load such file -- ./var.rb (LoadError)
	from /Users/KylePistor/.rvm/rubies/ruby-1.9.3-p429/lib/ruby/site_ruby/1.9.1/rubygems/core_ext/kernel_require.rb:55:in `require'
	from /Users/KylePistor/git/mech/sw_email.rb:9:in `<main>'
/Users/KylePistor/.rvm/rubies/ruby-1.9.3-p429/lib/ruby/site_ruby/1.9.1/rubygems/core_ext/kernel_require.rb:55:in `require': cannot load such file -- ./var.rb (LoadError)
	from /Users/KylePistor/.rvm/rubies/ruby-1.9.3-p429/lib/ruby/site_ruby/1.9.1/rubygems/core_ext/kernel_require.rb:55:in `require'
	from /Users/KylePistor/git/mech/sw_email.rb:9:in `<main>'
/Users/KylePistor/.rvm/rubies/ruby-1.9.3-p429/lib/ruby/site_ruby/1.9.1/rubygems/core_ext/kernel_require.rb:55:in `require': cannot load such file -- ./var.rb (LoadError)
	from /Users/KylePistor/.rvm/rubies/ruby-1.9.3-p429/lib/ruby/site_ruby/1.9.1/rubygems/core_ext/kernel_require.rb:55:in `require'
	from /Users/KylePistor/git/mech/sw_email.rb:9:in `<main>'
/Users/KylePistor/.rvm/rubies/ruby-1.9.3-p429/lib/ruby/site_ruby/1.9.1/rubygems/core_ext/kernel_require.rb:55:in `require': cannot load such file -- ./var.rb (LoadError)
	from /Users/KylePistor/.rvm/rubies/ruby-1.9.3-p429/lib/ruby/site_ruby/1.9.1/rubygems/core_ext/kernel_require.rb:55:in `require'
	from /Users/KylePistor/git/mech/sw_email.rb:9:in `<main>'
/Users/KylePistor/.rvm/rubies/ruby-1.9.3-p429/lib/ruby/site_ruby/1.9.1/rubygems/core_ext/kernel_require.rb:55:in `require': cannot load such file -- ./var.rb (LoadError)
	from /Users/KylePistor/.rvm/rubies/ruby-1.9.3-p429/lib/ruby/site_ruby/1.9.1/rubygems/core_ext/kernel_require.rb:55:in `require'
	from /Users/KylePistor/git/mech/sw_email.rb:9:in `<main>'
/Users/KylePistor/.rvm/rubies/ruby-1.9.3-p429/lib/ruby/site_ruby/1.9.1/rubygems/core_ext/kernel_require.rb:55:in `require': cannot load such file -- ./var.rb (LoadError)
	from /Users/KylePistor/.rvm/rubies/ruby-1.9.3-p429/lib/ruby/site_ruby/1.9.1/rubygems/core_ext/kernel_require.rb:55:in `require'
	from /Users/KylePistor/git/mech/sw_email.rb:9:in `<main>'
/Users/KylePistor/.rvm/rubies/ruby-1.9.3-p429/lib/ruby/site_ruby/1.9.1/rubygems/core_ext/kernel_require.rb:55:in `require': cannot load such file -- ./var.rb (LoadError)
	from /Users/KylePistor/.rvm/rubies/ruby-1.9.3-p429/lib/ruby/site_ruby/1.9.1/rubygems/core_ext/kernel_require.rb:55:in `require'
	from /Users/KylePistor/git/mech/sw_email.rb:9:in `<main>'
/Users/KylePistor/.rvm/rubies/ruby-1.9.3-p429/lib/ruby/site_ruby/1.9.1/rubygems/core_ext/kernel_require.rb:55:in `require': cannot load such file -- ./var.rb (LoadError)
	from /Users/KylePistor/.rvm/rubies/ruby-1.9.3-p429/lib/ruby/site_ruby/1.9.1/rubygems/core_ext/kernel_require.rb:55:in `require'
	from /Users/KylePistor/git/mech/sw_email.rb:9:in `<main>'

/Users/KylePistor/.rvm/rubies/ruby-1.9.3-p429/lib/ruby/site_ruby/1.9.1/rubygems/core_ext/kernel_require.rb:55:in `require': cannot load such file -- ./var.rb (LoadError)
	from /Users/KylePistor/.rvm/rubies/ruby-1.9.3-p429/lib/ruby/site_ruby/1.9.1/rubygems/core_ext/kernel_require.rb:55:in `require'
	from /Users/KylePistor/git/mech/sw_email.rb:9:in `<main>'
/Users/KylePistor/.rvm/rubies/ruby-1.9.3-p429/lib/ruby/site_ruby/1.9.1/rubygems/core_ext/kernel_require.rb:55:in `require': cannot load such file -- ./var.rb (LoadError)
	from /Users/KylePistor/.rvm/rubies/ruby-1.9.3-p429/lib/ruby/site_ruby/1.9.1/rubygems/core_ext/kernel_require.rb:55:in `require'
	from /Users/KylePistor/git/mech/sw_email.rb:9:in `<main>'
/Users/KylePistor/.rvm/rubies/ruby-1.9.3-p429/lib/ruby/site_ruby/1.9.1/rubygems/core_ext/kernel_require.rb:55:in `require': cannot load such file -- ./var.rb (LoadError)
	from /Users/KylePistor/.rvm/rubies/ruby-1.9.3-p429/lib/ruby/site_ruby/1.9.1/rubygems/core_ext/kernel_require.rb:55:in `require'
	from /Users/KylePistor/git/mech/sw_email.rb:9:in `<main>'
/Users/KylePistor/.rvm/rubies/ruby-1.9.3-p429/lib/ruby/site_ruby/1.9.1/rubygems/core_ext/kernel_require.rb:55:in `require': cannot load such file -- ./var.rb (LoadError)
	from /Users/KylePistor/.rvm/rubies/ruby-1.9.3-p429/lib/ruby/site_ruby/1.9.1/rubygems/core_ext/kernel_require.rb:55:in `require'
	from /Users/KylePistor/git/mech/sw_email.rb:9:in `<main>'
/Users/KylePistor/.rvm/rubies/ruby-1.9.3-p429/lib/ruby/site_ruby/1.9.1/rubygems/core_ext/kernel_require.rb:55:in `require': cannot load such file -- ./var.rb (LoadError)
	from /Users/KylePistor/.rvm/rubies/ruby-1.9.3-p429/lib/ruby/site_ruby/1.9.1/rubygems/core_ext/kernel_require.rb:55:in `require'
	from /Users/KylePistor/git/mech/sw_email.rb:9:in `<main>'
/Users/KylePistor/.rvm/rubies/ruby-1.9.3-p429/lib/ruby/site_ruby/1.9.1/rubygems/core_ext/kernel_require.rb:55:in `require': cannot load such file -- ./var.rb (LoadError)
	from /Users/KylePistor/.rvm/rubies/ruby-1.9.3-p429/lib/ruby/site_ruby/1.9.1/rubygems/core_ext/kernel_require.rb:55:in `require'
	from /Users/KylePistor/git/mech/sw_email.rb:9:in `<main>'
/Users/KylePistor/.rvm/rubies/ruby-1.9.3-p429/lib/ruby/site_ruby/1.9.1/rubygems/core_ext/kernel_require.rb:55:in `require': cannot load such file -- ./var.rb (LoadError)
	from /Users/KylePistor/.rvm/rubies/ruby-1.9.3-p429/lib/ruby/site_ruby/1.9.1/rubygems/core_ext/kernel_require.rb:55:in `require'
	from /Users/KylePistor/git/mech/sw_email.rb:9:in `<main>'
ruby: No such file or directory -- sw_email.rb (LoadError)
ruby: No such file or directory -- sw_email.rb (LoadError)
ruby: No such file or directory -- sw_email.rb (LoadError)
sleep - 0
sleep - 1
sleep - 2
exit - 3
Script could not check in.
sleep - 0
sleep - 1
sleep - 2
exit - 3
Script could not check in.
sleep - 0
sleep - 1
sleep - 2
exit - 3
Script could not check in.
sleep - 0
sleep - 1
sleep - 2
exit - 3
Script could not check in.
sleep - 0
sleep - 1
sleep - 2
exit - 3
Script could not check in.
sleep - 0
sleep - 1
sleep - 2
exit - 3
Script could not check in.
sleep - 0
sleep - 1
sleep - 2
exit - 3
Script could not check in.
sleep - 0
sleep - 1
sleep - 2
exit - 3
Script could not check in.
/Users/KylePistor/.rvm/gems/ruby-1.9.3-p429/gems/net-http-persistent-2.9/lib/net/http/persistent/ssl_reuse.rb:29:in `initialize': getaddrinfo: nodename nor servname provided, or not known (SocketError)
	from /Users/KylePistor/.rvm/gems/ruby-1.9.3-p429/gems/net-http-persistent-2.9/lib/net/http/persistent/ssl_reuse.rb:29:in `open'
	from /Users/KylePistor/.rvm/gems/ruby-1.9.3-p429/gems/net-http-persistent-2.9/lib/net/http/persistent/ssl_reuse.rb:29:in `block in connect'
	from /Users/KylePistor/.rvm/rubies/ruby-1.9.3-p429/lib/ruby/1.9.1/timeout.rb:55:in `timeout'
	from /Users/KylePistor/.rvm/rubies/ruby-1.9.3-p429/lib/ruby/1.9.1/timeout.rb:100:in `timeout'
	from /Users/KylePistor/.rvm/gems/ruby-1.9.3-p429/gems/net-http-persistent-2.9/lib/net/http/persistent/ssl_reuse.rb:29:in `connect'
	from /Users/KylePistor/.rvm/rubies/ruby-1.9.3-p429/lib/ruby/1.9.1/net/http.rb:756:in `do_start'
	from /Users/KylePistor/.rvm/rubies/ruby-1.9.3-p429/lib/ruby/1.9.1/net/http.rb:751:in `start'
	from /Users/KylePistor/.rvm/gems/ruby-1.9.3-p429/gems/net-http-persistent-2.9/lib/net/http/persistent.rb:691:in `start'
	from /Users/KylePistor/.rvm/gems/ruby-1.9.3-p429/gems/net-http-persistent-2.9/lib/net/http/persistent.rb:631:in `connection_for'
	from /Users/KylePistor/.rvm/gems/ruby-1.9.3-p429/gems/net-http-persistent-2.9/lib/net/http/persistent.rb:981:in `request'
	from /Users/KylePistor/.rvm/gems/ruby-1.9.3-p429/gems/mechanize-2.7.2/lib/mechanize/http/agent.rb:257:in `fetch'
	from /Users/KylePistor/.rvm/gems/ruby-1.9.3-p429/gems/mechanize-2.7.2/lib/mechanize.rb:432:in `get'
	from /Users/KylePistor/git/mech/sw1.rb:18:in `<top (required)>'
	from sw_email.rb:9:in `require'
	from sw_email.rb:9:in `<main>'
Successfully checked in, got
PISTOR KYLE  - A34
Script was successful!
Script could not check in.

	The request to check in and print your Boarding Pass is more than 24 hours prior to your scheduled departure or less than 1 hour prior to departure flight time. Please try again during the allotted time frame or proceed to the airport to check in for your flight.
				  (SW302105-8VgjtOHxQ7eVoYxYZbtl3w)
			
		
			
				If you have questions or require further assistance, please contact a Southwest Airlines Customer Representative at 1-800-I-FLY-SWA (1-800-435-9792).
				  (SW101081-8VgjtOHxQ7eVoYxYZbtl3w)
			
		
	
Script could not check in.

	The request to check in and print your Boarding Pass is more than 24 hours prior to your scheduled departure or less than 1 hour prior to departure flight time. Please try again during the allotted time frame or proceed to the airport to check in for your flight.
				  (SW302105-Yb1bHqkDRGKIT0I7f0b_mA)
			
		
			
				If you have questions or require further assistance, please contact a Southwest Airlines Customer Representative at 1-800-I-FLY-SWA (1-800-435-9792).
				  (SW101081-Yb1bHqkDRGKIT0I7f0b_mA)
			
		
	
Successfully checked in, got
PISTOR KYLE  - A48
Script was successful!
Script could not check in.

	The request to check in and print your Boarding Pass is more than 24 hours prior to your scheduled departure or less than 1 hour prior to departure flight time. Please try again during the allotted time frame or proceed to the airport to check in for your flight.
				  (SW302105-ViWmJD1cT5GogVRcMRHEhg)
			
		
			
				If you have questions or require further assistance, please contact a Southwest Airlines Customer Representative at 1-800-I-FLY-SWA (1-800-435-9792).
				  (SW101081-ViWmJD1cT5GogVRcMRHEhg)
			
		
	
Script could not check in.

	The request to check in and print your Boarding Pass is more than 24 hours prior to your scheduled departure or less than 1 hour prior to departure flight time. Please try again during the allotted time frame or proceed to the airport to check in for your flight.
				  (SW302105-mlPWvQyYSVmVLIR9tQNiNg)
			
		
			
				If you have questions or require further assistance, please contact a Southwest Airlines Customer Representative at 1-800-I-FLY-SWA (1-800-435-9792).
				  (SW101081-mlPWvQyYSVmVLIR9tQNiNg)
			
		
	
Script could not check in.

	The request to check in and print your Boarding Pass is more than 24 hours prior to your scheduled departure or less than 1 hour prior to departure flight time. Please try again during the allotted time frame or proceed to the airport to check in for your flight.
				  (SW302105-1rGLPz1BSDqt4KJWjTv9Ew)
			
		
			
				If you have questions or require further assistance, please contact a Southwest Airlines Customer Representative at 1-800-I-FLY-SWA (1-800-435-9792).
				  (SW101081-1rGLPz1BSDqt4KJWjTv9Ew)
			
		
	
Script could not check in.

	The request to check in and print your Boarding Pass is more than 24 hours prior to your scheduled departure or less than 1 hour prior to departure flight time. Please try again during the allotted time frame or proceed to the airport to check in for your flight.
				  (SW302105-RU6Q2ig7RGucZMoKT_VW2g)
			
		
			
				If you have questions or require further assistance, please contact a Southwest Airlines Customer Representative at 1-800-I-FLY-SWA (1-800-435-9792).
				  (SW101081-RU6Q2ig7RGucZMoKT_VW2g)
			
		
	
Script could not check in.

	The request to check in and print your Boarding Pass is more than 24 hours prior to your scheduled departure or less than 1 hour prior to departure flight time. Please try again during the allotted time frame or proceed to the airport to check in for your flight.
				  (SW302105-yw6fgZHASC67fknVTWk01A)
			
		
			
				If you have questions or require further assistance, please contact a Southwest Airlines Customer Representative at 1-800-I-FLY-SWA (1-800-435-9792).
				  (SW101081-yw6fgZHASC67fknVTWk01A)
			
		
	
Script could not check in.

	The request to check in and print your Boarding Pass is more than 24 hours prior to your scheduled departure or less than 1 hour prior to departure flight time. Please try again during the allotted time frame or proceed to the airport to check in for your flight.
				  (SW302105-2wupHvGDSGmOtX4pvmsrSg)
			
		
			
				If you have questions or require further assistance, please contact a Southwest Airlines Customer Representative at 1-800-I-FLY-SWA (1-800-435-9792).
				  (SW101081-2wupHvGDSGmOtX4pvmsrSg)
			
		
	
Script could not check in.

	The request to check in and print your Boarding Pass is more than 24 hours prior to your scheduled departure or less than 1 hour prior to departure flight time. Please try again during the allotted time frame or proceed to the airport to check in for your flight.
				  (SW302105-VDa_U85dSAGCv9NS5-S3RQ)
			
		
			
				If you have questions or require further assistance, please contact a Southwest Airlines Customer Representative at 1-800-I-FLY-SWA (1-800-435-9792).
				  (SW101081-VDa_U85dSAGCv9NS5-S3RQ)
			
		
	
Script could not check in.

	The request to check in and print your Boarding Pass is more than 24 hours prior to your scheduled departure or less than 1 hour prior to departure flight time. Please try again during the allotted time frame or proceed to the airport to check in for your flight.
				  (SW302105-Hk2x5D9hQ760fATSll71wQ)
			
		
			
				If you have questions or require further assistance, please contact a Southwest Airlines Customer Representative at 1-800-I-FLY-SWA (1-800-435-9792).
				  (SW101081-Hk2x5D9hQ760fATSll71wQ)
			
		
	
Script could not check in.

	The request to check in and print your Boarding Pass is more than 24 hours prior to your scheduled departure or less than 1 hour prior to departure flight time. Please try again during the allotted time frame or proceed to the airport to check in for your flight.
				  (SW302105--vdZl7EJT22vm1GZlDz1Ug)
			
		
			
				If you have questions or require further assistance, please contact a Southwest Airlines Customer Representative at 1-800-I-FLY-SWA (1-800-435-9792).
				  (SW101081--vdZl7EJT22vm1GZlDz1Ug)
			
		
	
Script could not check in.

	The request to check in and print your Boarding Pass is more than 24 hours prior to your scheduled departure or less than 1 hour prior to departure flight time. Please try again during the allotted time frame or proceed to the airport to check in for your flight.
				  (SW302105-nn4t3d3-TvK_fy2trmRheQ)
			
		
			
				If you have questions or require further assistance, please contact a Southwest Airlines Customer Representative at 1-800-I-FLY-SWA (1-800-435-9792).
				  (SW101081-nn4t3d3-TvK_fy2trmRheQ)
			
		
	
Script could not check in.

	The request to check in and print your Boarding Pass is more than 24 hours prior to your scheduled departure or less than 1 hour prior to departure flight time. Please try again during the allotted time frame or proceed to the airport to check in for your flight.
				  (SW302105-m7hf91yRS46T2dN7X9vWGQ)
			
		
			
				If you have questions or require further assistance, please contact a Southwest Airlines Customer Representative at 1-800-I-FLY-SWA (1-800-435-9792).
				  (SW101081-m7hf91yRS46T2dN7X9vWGQ)
			
		
	
Script could not check in.

	The request to check in and print your Boarding Pass is more than 24 hours prior to your scheduled departure or less than 1 hour prior to departure flight time. Please try again during the allotted time frame or proceed to the airport to check in for your flight.
				  (SW302105-UVBFnZa5QMGhrjlJl-axzA)
			
		
			
				If you have questions or require further assistance, please contact a Southwest Airlines Customer Representative at 1-800-I-FLY-SWA (1-800-435-9792).
				  (SW101081-UVBFnZa5QMGhrjlJl-axzA)
			
		
	
Script could not check in.

	The request to check in and print your Boarding Pass is more than 24 hours prior to your scheduled departure or less than 1 hour prior to departure flight time. Please try again during the allotted time frame or proceed to the airport to check in for your flight.
				  (SW302105-kkR3ByysQTeEK_IpmY_Fog)
			
		
			
				If you have questions or require further assistance, please contact a Southwest Airlines Customer Representative at 1-800-I-FLY-SWA (1-800-435-9792).
				  (SW101081-kkR3ByysQTeEK_IpmY_Fog)
			
		
	
error
Script could not check in - :(
Script could not check in.

	The request to check in and print your Boarding Pass is more than 24 hours prior to your scheduled departure or less than 1 hour prior to departure flight time. Please try again during the allotted time frame or proceed to the airport to check in for your flight.
				  (SW302105-3td_ZqJ4R6yeGCTmyAmlIg)
			
		
			
				If you have questions or require further assistance, please contact a Southwest Airlines Customer Representative at 1-800-I-FLY-SWA (1-800-435-9792).
				  (SW101081-3td_ZqJ4R6yeGCTmyAmlIg)
			
		
	
Script could not check in.

	The request to check in and print your Boarding Pass is more than 24 hours prior to your scheduled departure or less than 1 hour prior to departure flight time. Please try again during the allotted time frame or proceed to the airport to check in for your flight.
				  (SW302105-d9ynFXyxTjKcVg2k7ALhzg)
			
		
			
				If you have questions or require further assistance, please contact a Southwest Airlines Customer Representative at 1-800-I-FLY-SWA (1-800-435-9792).
				  (SW101081-d9ynFXyxTjKcVg2k7ALhzg)
			
		
	
Script could not check in.

	The request to check in and print your Boarding Pass is more than 24 hours prior to your scheduled departure or less than 1 hour prior to departure flight time. Please try again during the allotted time frame or proceed to the airport to check in for your flight.
				  (SW302105-hzkcoHOcQ-eg16EGHm95UA)
			
		
			
				If you have questions or require further assistance, please contact a Southwest Airlines Customer Representative at 1-800-I-FLY-SWA (1-800-435-9792).
				  (SW101081-hzkcoHOcQ-eg16EGHm95UA)
			
		
	
Script could not check in.

	The request to check in and print your Boarding Pass is more than 24 hours prior to your scheduled departure or less than 1 hour prior to departure flight time. Please try again during the allotted time frame or proceed to the airport to check in for your flight.
				  (SW302105-Cm-uBPbZQd--YkQOnNE4Pw)
			
		
			
				If you have questions or require further assistance, please contact a Southwest Airlines Customer Representative at 1-800-I-FLY-SWA (1-800-435-9792).
				  (SW101081-Cm-uBPbZQd--YkQOnNE4Pw)
			
		
	
Script could not check in.

	The request to check in and print your Boarding Pass is more than 24 hours prior to your scheduled departure or less than 1 hour prior to departure flight time. Please try again during the allotted time frame or proceed to the airport to check in for your flight.
				  (SW302105-jhpespKSRg6_ota8CBmJEA)
			
		
			
				If you have questions or require further assistance, please contact a Southwest Airlines Customer Representative at 1-800-I-FLY-SWA (1-800-435-9792).
				  (SW101081-jhpespKSRg6_ota8CBmJEA)
			
		
	
Script could not check in.

	The request to check in and print your Boarding Pass is more than 24 hours prior to your scheduled departure or less than 1 hour prior to departure flight time. Please try again during the allotted time frame or proceed to the airport to check in for your flight.
				  (SW302105-QAfahu5KTAKR2xe2pqCwAQ)
			
		
			
				If you have questions or require further assistance, please contact a Southwest Airlines Customer Representative at 1-800-I-FLY-SWA (1-800-435-9792).
				  (SW101081-QAfahu5KTAKR2xe2pqCwAQ)
			
		
	
Script could not check in.

	The request to check in and print your Boarding Pass is more than 24 hours prior to your scheduled departure or less than 1 hour prior to departure flight time. Please try again during the allotted time frame or proceed to the airport to check in for your flight.
				  (SW302105-b-sNh_utTZKBi3OD3tnRnQ)
			
		
			
				If you have questions or require further assistance, please contact a Southwest Airlines Customer Representative at 1-800-I-FLY-SWA (1-800-435-9792).
				  (SW101081-b-sNh_utTZKBi3OD3tnRnQ)
			
		
	
Script could not check in.

	The request to check in and print your Boarding Pass is more than 24 hours prior to your scheduled departure or less than 1 hour prior to departure flight time. Please try again during the allotted time frame or proceed to the airport to check in for your flight.
				  (SW302105-ES1objOfSH6gGdZzWxlhZw)
			
		
			
				If you have questions or require further assistance, please contact a Southwest Airlines Customer Representative at 1-800-I-FLY-SWA (1-800-435-9792).
				  (SW101081-ES1objOfSH6gGdZzWxlhZw)
			
		
	
Script could not check in.

	The request to check in and print your Boarding Pass is more than 24 hours prior to your scheduled departure or less than 1 hour prior to departure flight time. Please try again during the allotted time frame or proceed to the airport to check in for your flight.
				  (SW302105-LYZPNg-bTWiMZ9Rfw0yOKQ)
			
		
			
				If you have questions or require further assistance, please contact a Southwest Airlines Customer Representative at 1-800-I-FLY-SWA (1-800-435-9792).
				  (SW101081-LYZPNg-bTWiMZ9Rfw0yOKQ)
			
		
	
Script could not check in.

	The request to check in and print your Boarding Pass is more than 24 hours prior to your scheduled departure or less than 1 hour prior to departure flight time. Please try again during the allotted time frame or proceed to the airport to check in for your flight.
				  (SW302105-5wR6-hjsQnafGijepTXdCA)
			
		
			
				If you have questions or require further assistance, please contact a Southwest Airlines Customer Representative at 1-800-I-FLY-SWA (1-800-435-9792).
				  (SW101081-5wR6-hjsQnafGijepTXdCA)
			
		
	
Script could not check in.

	The request to check in and print your Boarding Pass is more than 24 hours prior to your scheduled departure or less than 1 hour prior to departure flight time. Please try again during the allotted time frame or proceed to the airport to check in for your flight.
				  (SW302105-23GIYhWiRH6DJeJRrA01Xw)
			
		
			
				If you have questions or require further assistance, please contact a Southwest Airlines Customer Representative at 1-800-I-FLY-SWA (1-800-435-9792).
				  (SW101081-23GIYhWiRH6DJeJRrA01Xw)
			
		
	
Script could not check in.

	The request to check in and print your Boarding Pass is more than 24 hours prior to your scheduled departure or less than 1 hour prior to departure flight time. Please try again during the allotted time frame or proceed to the airport to check in for your flight.
				  (SW302105-Woy1zPESSLWbR6Dhe_xMAQ)
			
		
			
				If you have questions or require further assistance, please contact a Southwest Airlines Customer Representative at 1-800-I-FLY-SWA (1-800-435-9792).
				  (SW101081-Woy1zPESSLWbR6Dhe_xMAQ)
			
		
	
Script could not check in.

	The request to check in and print your Boarding Pass is more than 24 hours prior to your scheduled departure or less than 1 hour prior to departure flight time. Please try again during the allotted time frame or proceed to the airport to check in for your flight.
				  (SW302105-d5z00pbATImja56fL_idOQ)
			
		
			
				If you have questions or require further assistance, please contact a Southwest Airlines Customer Representative at 1-800-I-FLY-SWA (1-800-435-9792).
				  (SW101081-d5z00pbATImja56fL_idOQ)
			
		
	
error
Script could not check in - :(
Successfully checked in, got
WHITE CONRAD  - A39
Script was successful!
